\BOOKMARK [1][]{section*.1}{\376\377\000E\000x\000p\000e\000r\000t\000i\000s\000e}{}% 1
\BOOKMARK [2][]{section*.2}{\376\377\000P\000r\000o\000g\000r\000a\000m\000m\000i\000n\000g\000\040\000L\000a\000n\000g\000u\000a\000g\000e\000s}{section*.1}% 2
\BOOKMARK [2][]{section*.3}{\376\377\000D\000a\000t\000a\000b\000a\000s\000e\000s}{section*.1}% 3
\BOOKMARK [2][]{section*.4}{\376\377\000O\000p\000e\000r\000a\000t\000i\000n\000g\000\040\000S\000y\000s\000t\000e\000m\000s}{section*.1}% 4
\BOOKMARK [2][]{section*.5}{\376\377\000C\000+\000+\000\040\000A\000P\000I\000s}{section*.1}% 5
\BOOKMARK [2][]{section*.6}{\376\377\000D\000e\000v\000O\000p\000s\000\040\000T\000o\000o\000l\000s}{section*.1}% 6
\BOOKMARK [2][]{section*.7}{\376\377\000J\000a\000v\000a\000\040\000A\000P\000I\000s}{section*.1}% 7
\BOOKMARK [2][]{section*.8}{\376\377\000B\000a\000c\000k\000-\000e\000n\000d\000\040\000T\000e\000c\000h\000n\000o\000l\000o\000g\000y}{section*.1}% 8
\BOOKMARK [2][]{section*.9}{\376\377\000W\000E\000B\000\040\000T\000e\000c\000h\000n\000o\000l\000o\000g\000y}{section*.1}% 9
\BOOKMARK [2][]{section*.10}{\376\377\000T\000e\000s\000t\000i\000n\000g\000\040\000T\000o\000o\000l\000s}{section*.1}% 10
\BOOKMARK [2][]{section*.11}{\376\377\000D\000e\000v\000e\000l\000o\000p\000m\000e\000n\000t\000\040\000m\000e\000t\000h\000o\000d\000s}{section*.1}% 11
\BOOKMARK [1][]{section*.12}{\376\377\000E\000d\000u\000c\000a\000t\000i\000o\000n}{}% 12
\BOOKMARK [1][]{section*.13}{\376\377\000C\000e\000r\000t\000i\000f\000i\000c\000a\000t\000i\000o\000n\000s}{}% 13
\BOOKMARK [1][]{section*.14}{\376\377\000C\000o\000u\000r\000s\000e\000s}{}% 14
\BOOKMARK [1][]{section*.15}{\376\377\000E\000m\000p\000l\000o\000y\000m\000e\000n\000t}{}% 15
\BOOKMARK [2][]{section*.16}{\376\377\000V\000o\000c\000a\000t\000i\000o\000n\000a\000l}{section*.15}% 16
\BOOKMARK [2][]{section*.17}{\376\377\000M\000i\000s\000c\000e\000l\000l\000a\000n\000e\000o\000u\000s}{section*.15}% 17
\BOOKMARK [1][]{section*.18}{\376\377\000R\000e\000s\000e\000n\000t\000\040\000A\000s\000s\000i\000g\000n\000m\000e\000n\000t\000s}{}% 18
\BOOKMARK [1][]{section*.19}{\376\377\000L\000a\000n\000g\000u\000a\000g\000e\000s}{}% 19
\BOOKMARK [1][]{section*.20}{\376\377\000I\000n\000t\000e\000r\000e\000s\000t\000s}{}% 20
